[debug] [2025-02-21T18:29:40.281Z] ----------------------------------------------------------------------
[debug] [2025-02-21T18:29:40.282Z] Command:       C:\Program Files\nodejs\node.exe C:\Program Files\nodejs\node_modules\firebase-tools\lib\bin\firebase.js deploy --only functions
[debug] [2025-02-21T18:29:40.283Z] CLI Version:   13.31.1
[debug] [2025-02-21T18:29:40.283Z] Platform:      win32
[debug] [2025-02-21T18:29:40.283Z] Node Version:  v23.1.0
[debug] [2025-02-21T18:29:40.283Z] Time:          Fri Feb 21 2025 13:29:40 GMT-0500 (Eastern Standard Time)
[debug] [2025-02-21T18:29:40.283Z] ----------------------------------------------------------------------
[debug] 
[debug] [2025-02-21T18:29:40.393Z] > command requires scopes: ["email","openid","https://www.googleapis.com/auth/cloudplatformprojects.readonly","https://www.googleapis.com/auth/firebase","https://www.googleapis.com/auth/cloud-platform"]
[debug] [2025-02-21T18:29:40.394Z] > authorizing via signed-in user (tbernstein10@gmail.com)
[debug] [2025-02-21T18:29:40.394Z] [iam] checking project stability-4db75 for permissions ["cloudfunctions.functions.create","cloudfunctions.functions.delete","cloudfunctions.functions.get","cloudfunctions.functions.list","cloudfunctions.functions.update","cloudfunctions.operations.get","firebase.projects.get"]
[debug] [2025-02-21T18:29:40.395Z] Checked if tokens are valid: false, expires at: 1740162966287
[debug] [2025-02-21T18:29:40.395Z] Checked if tokens are valid: false, expires at: 1740162966287
[debug] [2025-02-21T18:29:40.395Z] > refreshing access token with scopes: []
[debug] [2025-02-21T18:29:40.396Z] >>> [apiv2][query] POST https://www.googleapis.com/oauth2/v3/token [none]
[debug] [2025-02-21T18:29:40.396Z] >>> [apiv2][body] POST https://www.googleapis.com/oauth2/v3/token [omitted]
[debug] [2025-02-21T18:29:40.496Z] <<< [apiv2][status] POST https://www.googleapis.com/oauth2/v3/token 200
[debug] [2025-02-21T18:29:40.496Z] <<< [apiv2][body] POST https://www.googleapis.com/oauth2/v3/token [omitted]
[debug] [2025-02-21T18:29:40.510Z] >>> [apiv2][query] POST https://cloudresourcemanager.googleapis.com/v1/projects/stability-4db75:testIamPermissions [none]
[debug] [2025-02-21T18:29:40.510Z] >>> [apiv2][(partial)header] POST https://cloudresourcemanager.googleapis.com/v1/projects/stability-4db75:testIamPermissions x-goog-quota-user=projects/stability-4db75
[debug] [2025-02-21T18:29:40.510Z] >>> [apiv2][body] POST https://cloudresourcemanager.googleapis.com/v1/projects/stability-4db75:testIamPermissions {"permissions":["cloudfunctions.functions.create","cloudfunctions.functions.delete","cloudfunctions.functions.get","cloudfunctions.functions.list","cloudfunctions.functions.update","cloudfunctions.operations.get","firebase.projects.get"]}
[debug] [2025-02-21T18:29:40.581Z] <<< [apiv2][status] POST https://cloudresourcemanager.googleapis.com/v1/projects/stability-4db75:testIamPermissions 200
[debug] [2025-02-21T18:29:40.581Z] <<< [apiv2][body] POST https://cloudresourcemanager.googleapis.com/v1/projects/stability-4db75:testIamPermissions {"permissions":["cloudfunctions.functions.create","cloudfunctions.functions.delete","cloudfunctions.functions.get","cloudfunctions.functions.list","cloudfunctions.functions.update","cloudfunctions.operations.get","firebase.projects.get"]}
[debug] [2025-02-21T18:29:40.581Z] Checked if tokens are valid: true, expires at: 1740166179496
[debug] [2025-02-21T18:29:40.581Z] Checked if tokens are valid: true, expires at: 1740166179496
[debug] [2025-02-21T18:29:40.581Z] >>> [apiv2][query] POST https://iam.googleapis.com/v1/projects/stability-4db75/serviceAccounts/stability-4db75@appspot.gserviceaccount.com:testIamPermissions [none]
[debug] [2025-02-21T18:29:40.581Z] >>> [apiv2][body] POST https://iam.googleapis.com/v1/projects/stability-4db75/serviceAccounts/stability-4db75@appspot.gserviceaccount.com:testIamPermissions {"permissions":["iam.serviceAccounts.actAs"]}
[debug] [2025-02-21T18:29:40.719Z] <<< [apiv2][status] POST https://iam.googleapis.com/v1/projects/stability-4db75/serviceAccounts/stability-4db75@appspot.gserviceaccount.com:testIamPermissions 200
[debug] [2025-02-21T18:29:40.719Z] <<< [apiv2][body] POST https://iam.googleapis.com/v1/projects/stability-4db75/serviceAccounts/stability-4db75@appspot.gserviceaccount.com:testIamPermissions {"permissions":["iam.serviceAccounts.actAs"]}
[info] 
[info] === Deploying to 'stability-4db75'...
[info] 
[info] i  deploying functions 
[info] Running command: npm --prefix "$RESOURCE_DIR" run build
